#
# There is insufficient memory for the Java Runtime Environment to continue.
# Native memory allocation (mmap) failed to map 132120576 bytes. Error detail: G1 virtual space
# Possible reasons:
#   The system is out of physical RAM or swap space
#   This process is running with CompressedOops enabled, and the Java Heap may be blocking the growth of the native heap
# Possible solutions:
#   Reduce memory load on the system
#   Increase physical memory or swap space
#   Check if swap backing store is full
#   Decrease Java heap size (-Xmx/-Xms)
#   Decrease number of Java threads
#   Decrease Java thread stack sizes (-Xss)
#   Set larger code cache with -XX:ReservedCodeCacheSize=
#   JVM is running with Unscaled Compressed Oops mode in which the Java heap is
#     placed in the first 4GB address space. The Java Heap base address is the
#     maximum limit for the native heap growth. Please use -XX:HeapBaseMinAddress
#     to set the Java Heap base and to place the Java Heap above 4GB virtual address.
# This output file may be truncated or incomplete.
#
#  Out of Memory Error (os_windows.cpp:3554), pid=2788, tid=19168
#
# JRE version:  (25.0.1+8) (build )
# Java VM: Java HotSpot(TM) 64-Bit Server VM (25.0.1+8-LTS-27, mixed mode, sharing, tiered, compressed oops, compressed class ptrs, g1 gc, windows-amd64)
# No core dump will be written. Minidumps are not enabled by default on client versions of Windows
#

---------------  S U M M A R Y ------------

Command Line: com.raven.main.Main

Host: 11th Gen Intel(R) Core(TM) i5-1135G7 @ 2.40GHz, 8 cores, 7G,  Windows 11 , 64 bit Build 22621 (10.0.22621.5415)
Time: Wed Nov 26 22:32:29 2025 SE Asia Standard Time elapsed time: 0.014370 seconds (0d 0h 0m 0s)

---------------  T H R E A D  ---------------

Current thread (0x000002b783c31af0):  JavaThread "Unknown thread" [_thread_in_vm, id=19168, stack(0x000000f37fc00000,0x000000f37fd00000) (1024K)]

Stack: [0x000000f37fc00000,0x000000f37fd00000]
Native frames: (J=compiled Java code, j=interpreted, Vv=VM code, C=native code)
V  [jvm.dll+0x7a6b59]  (no source info available)
V  [jvm.dll+0x77290d]  (no source info available)
V  [jvm.dll+0x966153]  (no source info available)
V  [jvm.dll+0x968751]  (no source info available)
V  [jvm.dll+0x968e53]  (no source info available)
V  [jvm.dll+0x2fc756]  (no source info available)
V  [jvm.dll+0x7a2d85]  (no source info available)
V  [jvm.dll+0x796197]  (no source info available)
V  [jvm.dll+0x3f4698]  (no source info available)
V  [jvm.dll+0x3fc5b6]  (no source info available)
V  [jvm.dll+0x3e8c8e]  (no source info available)
V  [jvm.dll+0x3e8f48]  (no source info available)
V  [jvm.dll+0x3c0045]  (no source info available)
V  [jvm.dll+0x3c0cce]  (no source info available)
V  [jvm.dll+0x92c837]  (no source info available)
V  [jvm.dll+0x458bc2]  (no source info available)
V  [jvm.dll+0x9101e2]  (no source info available)
V  [jvm.dll+0x4f9061]  (no source info available)
V  [jvm.dll+0x4fa8f1]  (no source info available)
C  [jli.dll+0x543e]  (no source info available)
C  [ucrtbase.dll+0x29333]  (no source info available)
C  [KERNEL32.DLL+0x1259d]  (no source info available)
C  [ntdll.dll+0x5af78]  (no source info available)

Lock stack of current Java thread (top to bottom):


---------------  P R O C E S S  ---------------

Threads class SMR info:
_java_thread_list=0x00007fff72de5308, length=0, elements={
}

Java Threads: ( => current thread )
Total: 0

Other Threads:
  0x000002b785f50180 WorkerThread "GC Thread#0"                     [id=7260, stack(0x000000f37fd00000,0x000000f37fe00000) (1024K)]
  0x000002b785f689c0 ConcurrentGCThread "G1 Main Marker"            [id=4120, stack(0x000000f37fe00000,0x000000f37ff00000) (1024K)]
  0x000002b785f6b520 WorkerThread "G1 Conc#0"                       [id=3856, stack(0x000000f37ff00000,0x000000f380000000) (1024K)]

[error occurred during error reporting (printing all threads), id 0xc0000005, EXCEPTION_ACCESS_VIOLATION (0xc0000005) at pc=0x00007fff724c4c2a]
VM state: not at safepoint (not fully initialized)

VM Mutex/Monitor currently owned by a thread:  ([mutex/lock_event])
[0x00007fff72e69668] Heap_lock - owner thread: 0x000002b783c31af0

Heap address: 0x0000000083a00000, size: 1990 MB, Compressed Oops mode: 32-bit

CDS archive(s) mapped at: [0x0000000000000000-0x0000000000000000-0x0000000000000000), size 0, SharedBaseAddress: 0x0000000800000000, ArchiveRelocationMode: 1.
UseCompressedClassPointers 1, UseCompactObjectHeaders 0
Narrow klass pointer bits 32, Max shift 3
Narrow klass base: 0xffffffffffffffff, Narrow klass shift: -1
Encoding Range: [0xffffffffffffffff - 0x000000007fffffff), (2147483648 bytes)
Klass Range:    [0x0000000000000000 - 0x0000000000000000), (0 bytes)
Klass ID Range:  [4294967295 - 0) (1)
No protection zone.

GC Precious Log:
 CardTable entry size: 512
 Card Set container configuration: InlinePtr #cards 5 size 8 Array Of Cards #cards 10 size 36 Howl #buckets 4 coarsen threshold 1843 Howl Bitmap #cards 512 size 80 coarsen threshold 460 Card regions per heap region 1 cards per card region 2048

Heap:
 garbage-first heap   total reserved 2037760K, committed 0K, used 0K [0x0000000083a00000, 0x0000000100000000)
  region size 1024K, 0 young (0K), 0 survivors (0K)

Heap Regions: E=young(eden), S=young(survivor), O=old, HS=humongous(starts), HC=humongous(continues), CS=collection set, F=free, TAMS=top-at-mark-start, PB=parsable bottom

Card table byte_map: [0x000002b79de90000,0x000002b79e280000] _byte_map_base: 0x000002b79da73000

Marking Bits: (CMBitMap*) 0x000002b785f50910
 Bits: [0x000002b79e280000, 0x000002b7a0198000)

GC Heap Usage History (0 events):
No events

Metaspace Usage History (0 events):
No events

Dll operation events (1 events):
Event: 0.009 Loaded shared library C:\Program Files\Java\jdk-25\bin\java.dll

Deoptimization events (0 events):
No events

Classes loaded (0 events):
No events

Classes unloaded (0 events):
No events

Classes redefined (0 events):
No events

Internal exceptions (0 events):
No events

VM Operations (0 events):
No events

Memory protections (0 events):
No events

Nmethod flushes (0 events):
No events

Events (0 events):
No events


Dynamic libraries:
0x00007ff60f570000 - 0x00007ff60f580000 	C:\Program Files\Java\jdk-25\bin\java.exe
0x00007ff848bb0000 - 0x00007ff848dc8000 	C:\WINDOWS\SYSTEM32\ntdll.dll
0x00007fffef6e0000 - 0x00007fffef700000 	C:\Program Files\Avast Software\Avast\aswhook.dll
0x00007ff847050000 - 0x00007ff847114000 	C:\WINDOWS\System32\KERNEL32.DLL
0x00007ff845fe0000 - 0x00007ff8463b3000 	C:\WINDOWS\System32\KERNELBASE.dll
0x00007ff846660000 - 0x00007ff846771000 	C:\WINDOWS\System32\ucrtbase.dll
0x00007ff816c10000 - 0x00007ff816c2e000 	C:\Program Files\Java\jdk-25\bin\VCRUNTIME140.dll
0x00007ff818010000 - 0x00007ff818027000 	C:\Program Files\Java\jdk-25\bin\jli.dll
0x00007ff847900000 - 0x00007ff847ab2000 	C:\WINDOWS\System32\USER32.dll
0x00007ff846780000 - 0x00007ff8467a6000 	C:\WINDOWS\System32\win32u.dll
0x00007ff81e6f0000 - 0x00007ff81e98c000 	C:\WINDOWS\WinSxS\amd64_microsoft.windows.common-controls_6595b64144ccf1df_6.0.22621.6060_none_2712eda17382d24b\COMCTL32.dll
0x00007ff8486b0000 - 0x00007ff8486d9000 	C:\WINDOWS\System32\GDI32.dll
0x00007ff846e00000 - 0x00007ff846ea7000 	C:\WINDOWS\System32\msvcrt.dll
0x00007ff846500000 - 0x00007ff846623000 	C:\WINDOWS\System32\gdi32full.dll
0x00007ff8467b0000 - 0x00007ff84684a000 	C:\WINDOWS\System32\msvcp_win.dll
0x00007ff846850000 - 0x00007ff846881000 	C:\WINDOWS\System32\IMM32.DLL
0x00007ff83fdf0000 - 0x00007ff83fdfc000 	C:\Program Files\Java\jdk-25\bin\vcruntime140_1.dll
0x00007fffeba80000 - 0x00007fffebb0d000 	C:\Program Files\Java\jdk-25\bin\msvcp140.dll
0x00007fff720f0000 - 0x00007fff72f4f000 	C:\Program Files\Java\jdk-25\bin\server\jvm.dll
0x00007ff8474a0000 - 0x00007ff847551000 	C:\WINDOWS\System32\ADVAPI32.dll
0x00007ff848600000 - 0x00007ff8486a8000 	C:\WINDOWS\System32\sechost.dll
0x00007ff846630000 - 0x00007ff846658000 	C:\WINDOWS\System32\bcrypt.dll
0x00007ff8477e0000 - 0x00007ff8478f8000 	C:\WINDOWS\System32\RPCRT4.dll
0x00007ff848580000 - 0x00007ff8485f1000 	C:\WINDOWS\System32\WS2_32.dll
0x00007ff845b80000 - 0x00007ff845bcd000 	C:\WINDOWS\SYSTEM32\POWRPROF.dll
0x00007ff83bed0000 - 0x00007ff83beda000 	C:\WINDOWS\SYSTEM32\VERSION.dll
0x00007ff83fcc0000 - 0x00007ff83fcf4000 	C:\WINDOWS\SYSTEM32\WINMM.dll
0x00007ff845b60000 - 0x00007ff845b73000 	C:\WINDOWS\SYSTEM32\UMPDC.dll
0x00007ff844c40000 - 0x00007ff844c58000 	C:\WINDOWS\SYSTEM32\kernel.appcore.dll
0x00007fffff730000 - 0x00007fffff73a000 	C:\Program Files\Java\jdk-25\bin\jimage.dll
0x00007ff843580000 - 0x00007ff8437b3000 	C:\WINDOWS\SYSTEM32\DBGHELP.DLL
0x00007ff846a10000 - 0x00007ff846da2000 	C:\WINDOWS\System32\combase.dll
0x00007ff847ac0000 - 0x00007ff847b98000 	C:\WINDOWS\System32\OLEAUT32.dll
0x00007ff83aa80000 - 0x00007ff83aab2000 	C:\WINDOWS\SYSTEM32\dbgcore.DLL
0x00007ff845cb0000 - 0x00007ff845d2b000 	C:\WINDOWS\System32\bcryptPrimitives.dll
0x00007fffeba60000 - 0x00007fffeba7f000 	C:\Program Files\Java\jdk-25\bin\java.dll
0x00007ff846eb0000 - 0x00007ff847050000 	C:\WINDOWS\System32\ole32.dll
0x00007ff847ba0000 - 0x00007ff84843e000 	C:\WINDOWS\System32\SHELL32.dll
0x00007ff8463c0000 - 0x00007ff8464ff000 	C:\WINDOWS\System32\wintypes.dll

JVMTI agents: none

dbghelp: loaded successfully - version: 4.0.5 - missing functions: none
symbol engine: initialized successfully - sym options: 0x614 - pdb path: .;C:\Program Files\Java\jdk-25\bin;C:\WINDOWS\SYSTEM32;C:\Program Files\Avast Software\Avast;C:\WINDOWS\WinSxS\amd64_microsoft.windows.common-controls_6595b64144ccf1df_6.0.22621.6060_none_2712eda17382d24b;C:\Program Files\Java\jdk-25\bin\server

VM Arguments:
java_command: com.raven.main.Main
java_class_path (initial): D:\java\do_an\target\classes;C:\Users\tranx\.m2\repository\net\java\dev\timingframework\timingframework\1.0\timingframework-1.0.jar;C:\Users\tranx\.m2\repository\com\miglayout\miglayout-swing\11.0\miglayout-swing-11.0.jar;C:\Users\tranx\.m2\repository\com\miglayout\miglayout-core\11.0\miglayout-core-11.0.jar
Launcher Type: SUN_STANDARD

[Global flags]
     intx CICompilerCount                          = 4                                         {product} {ergonomic}
     uint ConcGCThreads                            = 2                                         {product} {ergonomic}
     uint G1ConcRefinementThreads                  = 8                                         {product} {ergonomic}
   size_t G1HeapRegionSize                         = 1048576                                   {product} {ergonomic}
   size_t InitialHeapSize                          = 132120576                                 {product} {ergonomic}
   size_t MarkStackSize                            = 4194304                                   {product} {ergonomic}
   size_t MarkStackSizeMax                         = 536870912                                 {product} {ergonomic}
   size_t MaxHeapSize                              = 2086666240                                {product} {ergonomic}
   size_t MinHeapDeltaBytes                        = 1048576                                   {product} {ergonomic}
   size_t MinHeapSize                              = 8388608                                   {product} {ergonomic}
    uintx NonNMethodCodeHeapSize                   = 5832704                                {pd product} {ergonomic}
    uintx NonProfiledCodeHeapSize                  = 122945536                              {pd product} {ergonomic}
    uintx ProfiledCodeHeapSize                     = 122880000                              {pd product} {ergonomic}
    uintx ReservedCodeCacheSize                    = 251658240                              {pd product} {ergonomic}
     bool SegmentedCodeCache                       = true                                      {product} {ergonomic}
   size_t SoftMaxHeapSize                          = 2086666240                             {manageable} {ergonomic}
     bool UseCompressedOops                        = true                           {product lp64_product} {ergonomic}
     bool UseG1GC                                  = true                                      {product} {ergonomic}
     bool UseLargePagesIndividualAllocation        = false                                  {pd product} {ergonomic}

Logging:
Log output configuration:
 #0: stdout all=warning uptime,level,tags foldmultilines=false
 #1: stderr all=off uptime,level,tags foldmultilines=false

Release file:
<release file has not been read>
Environment Variables:
JAVA_HOME=C:\Program Files\Java\jdk-25
PATH=C:\Program Files (x86)\Common Files\Oracle\Java\javapath;C:\Program Files\Common Files\Oracle\Java\javapath;C:\Program Files (x86)\VMware\VMware Workstation\bin\;C:\WINDOWS\system32;C:\WINDOWS;C:\WINDOWS\System32\Wbem;C:\WINDOWS\System32\WindowsPowerShell\v1.0\;C:\WINDOWS\System32\OpenSSH\;C:\Program Files (x86)\Microsoft SQL Server\160\Tools\Binn\;C:\Program Files\Microsoft SQL Server\160\Tools\Binn\;C:\Program Files\Microsoft SQL Server\Client SDK\ODBC\170\Tools\Binn\;C:\Program Files\Microsoft SQL Server\160\DTS\Binn\;C:\Program Files\Git\cmd;C:\Program Files (x86)\Microsoft SQL Server\160\DTS\Binn\;C:\Program Files\nodejs\;C:\Users\tranx\AppData\Roaming\Microsoft\Windows\Start Menu\Programs\Python 3.13\python.exe;C:\ProgramData\ComposerSetup\bin;C:\Program Files\Docker\Docker\resources\bin;C:\Program Files\dotnet\;C:\Program Files\Microsoft SQL Server\170\Tools\Binn\;C:\apache-maven-3.9.11\bin;C:\Program Files\MySQL\MySQL Shell 8.0\bin\;C:\Users\tranx\AppData\Local\Microsoft\WindowsApps;C:\Users\tranx\AppData\Local\Programs\Microsoft VS Code\bin;C:\Users\tranx\AppData\Roaming\npm;C:\xampp\php;C:\Users\tranx\AppData\Roaming\Composer\vendor\bin;C:\ffmpeg-8.0-full_build\bin;C:\Users\tranx\.dotnet\tools;C:\Program Files\Java\jdk-25\bin;
USERNAME=tranx
OS=Windows_NT
PROCESSOR_IDENTIFIER=Intel64 Family 6 Model 140 Stepping 1, GenuineIntel
TMP=C:\Users\tranx\AppData\Local\Temp
TEMP=C:\Users\tranx\AppData\Local\Temp




Compilation memory statistics disabled.

Periodic native trim disabled

---------------  S Y S T E M  ---------------

OS:
 Windows 11 , 64 bit Build 22621 (10.0.22621.5415)
OS uptime: 0 days 15:16 hours
Hyper-V role detected

CPU: total 8 (initial active 8) (4 cores per cpu, 2 threads per core) family 6 model 140 stepping 1 microcode 0x86, cx8, cmov, fxsr, ht, mmx, 3dnowpref, sse, sse2, sse3, ssse3, sse4.1, sse4.2, popcnt, lzcnt, tsc, tscinvbit, avx, avx2, aes, erms, clmul, bmi1, bmi2, adx, avx512f, avx512dq, avx512cd, avx512bw, avx512vl, sha, fma, vzeroupper, avx512_vpopcntdq, avx512_vpclmulqdq, avx512_vaes, avx512_vnni, clflush, clflushopt, clwb, avx512_vbmi2, avx512_vbmi, hv, rdtscp, rdpid, fsrm, gfni, avx512_bitalg, f16c, cet_ibt, cet_ss, avx512_ifma
Processor Information for the first 8 processors :
  Max Mhz: 2419, Current Mhz: 2419, Mhz Limit: 2419

Memory: 4k page, system-wide physical 7957M (371M free)
TotalPageFile size 21602M (AvailPageFile size 45M)
current process WorkingSet (physical memory assigned to process): 12M, peak: 12M
current process commit charge ("private bytes"): 61M, peak: 186M

vm_info: Java HotSpot(TM) 64-Bit Server VM (25.0.1+8-LTS-27) for windows-amd64 JRE (25.0.1+8-LTS-27), built on 2025-09-25T16:41:16Z with unknown MS VC++:1943

END.
